<?xml version="1.0" encoding="UTF-8"?>
<!-- Generated by org.testng.reporters.JUnitReportReporter -->
<testsuite hostname="AcerAspire-7" failures="0" tests="1" name="runner.TestRunner" time="10.609" errors="0" timestamp="2025-03-07T11:12:08 IST" skipped="0">
  <testcase classname="runner.TestRunner" name="runScenario" time="10.609"/>
  <system-out/>
</testsuite> <!-- runner.TestRunner -->
